Arguments: 
  C:\Program Files\nodejs\node.exe C:\Users\KMkansi\AppData\Roaming\npm\node_modules\yarn\bin\yarn.js add @hotwired/stimulus

PATH: 
  C:/Ruby31-x64/lib/ruby/gems/3.1.0/bin;C:\Program Files\Eclipse Foundation\jdk-8.0.302.8-hotspot\bin;C:\Python311\Scripts\;C:\Python311\;C:\Python310\Scripts\;C:\Python310\;C:\Python38\Scripts\;C:\Python38\;C:\Windows\system32;C:\Windows;C:\Windows\System32\Wbem;C:\Windows\System32\WindowsPowerShell\v1.0\;C:\Windows\System32\OpenSSH\;C:\Program Files (x86)\NVIDIA Corporation\PhysX\Common;C:\Program Files\NVIDIA Corporation\NVIDIA NvDLISR;C:\Program Files (x86)\Microsoft SQL Server\150\DTS\Binn\;C:\ProgramData\chocolatey\bin;C:\Program Files\Microsoft SQL Server\130\Tools\Binn\;C:\Program Files\Git\cmd;C:\Program Files\dotnet\;C:\Program Files\Git LFS;C:\Program Files (x86)\GitExtensions\;C:\Program Files\Microsoft SQL Server\Client SDK\ODBC\170\Tools\Binn\;C:\Program Files\nodejs\;C:\Ruby31-x64\bin;C:\Users\KMkansi\AppData\Local\Programs\Microsoft VS Code\bin;C:\flutter\bin;C:\Users\KMkansi\.dotnet\tools;C:\Ruby32-x64\bin;C:\Users\KMkansi\AppData\Roaming\npm

Yarn version: 
  1.22.18

Node version: 
  16.19.1

Platform: 
  win32 x64

Trace: 
  Error: getaddrinfo ENOTFOUND cg-p-ci-03v
      at GetAddrInfoReqWrap.onlookup [as oncomplete] (node:dns:109:26)

npm manifest: 
  {
    "name": "app",
    "private": "true",
    "scripts": {
      "build": "webpack --config webpack.config.js"
    }
  }

yarn manifest: 
  No manifest

Lockfile: 
  No lockfile
